<?xml version="1.0" encoding="UTF-8"?>
<!-- Generated by org.testng.reporters.JUnitReportReporter -->
<testsuite hostname="DESKTOP-JAD9RHE" failures="0" tests="1" name="com.mystore.TestScript.TC01_LoginPageTest" time="0.764" errors="0" timestamp="2024-02-26T00:06:24 IST" skipped="0">
  <testcase classname="com.mystore.TestScript.TC01_LoginPageTest" name="verifyLogin" time="0.764"/>
  <system-out/>
</testsuite> <!-- com.mystore.TestScript.TC01_LoginPageTest -->
