<?xml version="1.0" encoding="UTF-8"?>
<!-- Generated by org.testng.reporters.JUnitReportReporter -->
<testsuite hostname="DESKTOP-JAD9RHE" failures="0" tests="1" name="com.mystore.TestScript.TC01_LeadsPageTest" time="18.039" errors="0" timestamp="2024-02-26T01:02:16 IST" skipped="0">
  <testcase classname="com.mystore.TestScript.TC01_LeadsPageTest" name="creatlead" time="18.039"/>
  <system-out/>
</testsuite> <!-- com.mystore.TestScript.TC01_LeadsPageTest -->
